<?xml version="1.0" encoding="UTF-8"?>
<robot generator="Robot 7.2.2 (Python 3.12.1 on linux)" generated="2025-05-23T12:12:04.162610" rpa="false" schemaversion="5">
<suite id="s1" name="Example Test" source="/workspaces/test-data-generator/example_test.robot">
<test id="s1-t1" name="Test Get Users" line="9">
<kw name="Load Api Specification" owner="ApiTestingLibrary">
<arg>${API_SPEC_FILE}</arg>
<doc>Load and parse the OpenAPI specification file.</doc>
<status status="PASS" start="2025-05-23T12:12:04.496470" elapsed="0.015954"/>
</kw>
<kw name="Set Base Url" owner="ApiTestingLibrary">
<arg>${BASE_URL}</arg>
<doc>Set the base URL for API requests.</doc>
<status status="PASS" start="2025-05-23T12:12:04.512640" elapsed="0.000145"/>
</kw>
<kw name="Generate Test Data For Endpoint" owner="ApiTestingLibrary">
<arg>/users</arg>
<arg>GET</arg>
<doc>Generate test data for a specific endpoint and optionally save to file.</doc>
<status status="PASS" start="2025-05-23T12:12:04.512943" elapsed="0.000255"/>
</kw>
<kw name="Make Request" owner="ApiTestingLibrary">
<msg time="2025-05-23T12:12:04.513467" level="INFO">Making GET request to https://jsonplaceholder.typicode.com/users</msg>
<msg time="2025-05-23T12:12:04.513498" level="INFO">Request data: {}</msg>
<msg time="2025-05-23T12:12:04.541604" level="INFO">Response (200): [
  {
    "id": 1,
    "name": "Leanne Graham",
    "username": "Bret",
    "email": "Sincere@april.biz",
    "address": {
      "street": "Kulas Light",
      "suite": "Apt. 556",
      "city": "Gwenborough",
      "zipcode": "92998-3874",
      "geo": {
        "lat": "-37.3159",
        "lng": "81.1496"
      }
    },
    "phone": "1-770-736-8031 x56442",
    "website": "hildegard.org",
    "company": {
      "name": "Romaguera-Crona",
      "catchPhrase": "Multi-layered client-server neural-net",
      "bs": "harness real-time e-markets"
    }
  },
  {
    "id": 2,
    "name": "Ervin Howell",
    "username": "Antonette",
    "email": "Shanna@melissa.tv",
    "address": {
      "street": "Victor Plains",
      "suite": "Suite 879",
      "city": "Wisokyburgh",
      "zipcode": "90566-7771",
      "geo": {
        "lat": "-43.9509",
        "lng": "-34.4618"
      }
    },
    "phone": "010-692-6593 x09125",
    "website": "anastasia.net",
    "company": {
      "name": "Deckow-Crist",
      "catchPhrase": "Proactive didactic contingency",
      "bs": "synergize scalable supply-chains"
    }
  },
  {
    "id": 3,
    "name": "Clementine Bauch",
    "username": "Samantha",
    "email": "Nathan@yesenia.net",
    "address": {
      "street": "Douglas Extension",
      "suite": "Suite 847",
      "city": "McKenziehaven",
      "zipcode": "59590-4157",
      "geo": {
        "lat": "-68.6102",
        "lng": "-47.0653"
      }
    },
    "phone": "1-463-123-4447",
    "website": "ramiro.info",
    "company": {
      "name": "Romaguera-Jacobson",
      "catchPhrase": "Face to face bifurcated interface",
      "bs": "e-enable strategic applications"
    }
  },
  {
    "id": 4,
    "name": "Patricia Lebsack",
    "username": "Karianne",
    "email": "Julianne.OConner@kory.org",
    "address": {
      "street": "Hoeger Mall",
      "suite": "Apt. 692",
      "city": "South Elvis",
      "zipcode": "53919-4257",
      "geo": {
        "lat": "29.4572",
        "lng": "-164.2990"
      }
    },
    "phone": "493-170-9623 x156",
    "website": "kale.biz",
    "company": {
      "name": "Robel-Corkery",
      "catchPhrase": "Multi-tiered zero tolerance productivity",
      "bs": "transition cutting-edge web services"
    }
  },
  {
    "id": 5,
    "name": "Chelsey Dietrich",
    "username": "Kamren",
    "email": "Lucio_Hettinger@annie.ca",
    "address": {
      "street": "Skiles Walks",
      "suite": "Suite 351",
      "city": "Roscoeview",
      "zipcode": "33263",
      "geo": {
        "lat": "-31.8129",
        "lng": "62.5342"
      }
    },
    "phone": "(254)954-1289",
    "website": "demarco.info",
    "company": {
      "name": "Keebler LLC",
      "catchPhrase": "User-centric fault-tolerant solution",
      "bs": "revolutionize end-to-end systems"
    }
  },
  {
    "id": 6,
    "name": "Mrs. Dennis Schulist",
    "username": "Leopoldo_Corkery",
    "email": "Karley_Dach@jasper.info",
    "address": {
      "street": "Norberto Crossing",
      "suite": "Apt. 950",
      "city": "South Christy",
      "zipcode": "23505-1337",
      "geo": {
        "lat": "-71.4197",
        "lng": "71.7478"
      }
    },
    "phone": "1-477-935-8478 x6430",
    "website": "ola.org",
    "company": {
      "name": "Considine-Lockman",
      "catchPhrase": "Synchronised bottom-line interface",
      "bs": "e-enable innovative applications"
    }
  },
  {
    "id": 7,
    "name": "Kurtis Weissnat",
    "username": "Elwyn.Skiles",
    "email": "Telly.Hoeger@billy.biz",
    "address": {
      "street": "Rex Trail",
      "suite": "Suite 280",
      "city": "Howemouth",
      "zipcode": "58804-1099",
      "geo": {
        "lat": "24.8918",
        "lng": "21.8984"
      }
    },
    "phone": "210.067.6132",
    "website": "elvis.io",
    "company": {
      "name": "Johns Group",
      "catchPhrase": "Configurable multimedia task-force",
      "bs": "generate enterprise e-tailers"
    }
  },
  {
    "id": 8,
    "name": "Nicholas Runolfsdottir V",
    "username": "Maxime_Nienow",
    "email": "Sherwood@rosamond.me",
    "address": {
      "street": "Ellsworth Summit",
      "suite": "Suite 729",
      "city": "Aliyaview",
      "zipcode": "45169",
      "geo": {
        "lat": "-14.3990",
        "lng": "-120.7677"
      }
    },
    "phone": "586.493.6943 x140",
    "website": "jacynthe.com",
    "company": {
      "name": "Abernathy Group",
      "catchPhrase": "Implemented secondary concept",
      "bs": "e-enable extensible e-tailers"
    }
  },
  {
    "id": 9,
    "name": "Glenna Reichert",
    "username": "Delphine",
    "email": "Chaim_McDermott@dana.io",
    "address": {
      "street": "Dayna Park",
      "suite": "Suite 449",
      "city": "Bartholomebury",
      "zipcode": "76495-3109",
      "geo": {
        "lat": "24.6463",
        "lng": "-168.8889"
      }
    },
    "phone": "(775)976-6794 x41206",
    "website": "conrad.com",
    "company": {
      "name": "Yost and Sons",
      "catchPhrase": "Switchable contextually-based project",
      "bs": "aggregate real-time technologies"
    }
  },
  {
    "id": 10,
    "name": "Clementina DuBuque",
    "username": "Moriah.Stanton",
    "email": "Rey.Padberg@karina.biz",
    "address": {
      "street": "Kattie Turnpike",
      "suite": "Suite 198",
      "city": "Lebsackbury",
      "zipcode": "31428-2261",
      "geo": {
        "lat": "-38.2386",
        "lng": "57.2232"
      }
    },
    "phone": "024-648-3804",
    "website": "ambrose.net",
    "company": {
      "name": "Hoeger LLC",
      "catchPhrase": "Centralized empowering task-force",
      "bs": "target end-to-end models"
    }
  }
]</msg>
<msg time="2025-05-23T12:12:04.541748" level="INFO">${response} = &lt;Response [200]&gt;</msg>
<var>${response}</var>
<arg>GET</arg>
<arg>/users</arg>
<doc>Make an API request with the given method, endpoint, and data.</doc>
<status status="PASS" start="2025-05-23T12:12:04.513368" elapsed="0.028406"/>
</kw>
<kw name="Response Status Code Should Be" owner="ApiTestingLibrary">
<arg>200</arg>
<doc>Verify that the response status code matches the expected value.</doc>
<status status="PASS" start="2025-05-23T12:12:04.541951" elapsed="0.000129"/>
</kw>
<kw name="Response Should Contain Property" owner="ApiTestingLibrary">
<arg>0.id</arg>
<doc>Verify that the response contains the specified property, supporting list indices.</doc>
<status status="PASS" start="2025-05-23T12:12:04.542230" elapsed="0.000136"/>
</kw>
<kw name="Response Should Contain Property" owner="ApiTestingLibrary">
<arg>0.name</arg>
<doc>Verify that the response contains the specified property, supporting list indices.</doc>
<status status="PASS" start="2025-05-23T12:12:04.542518" elapsed="0.000132"/>
</kw>
<status status="PASS" start="2025-05-23T12:12:04.495767" elapsed="0.047047"/>
</test>
<status status="PASS" start="2025-05-23T12:12:04.163603" elapsed="0.379666"/>
</suite>
<statistics>
<total>
<stat pass="1" fail="0" skip="0">All Tests</stat>
</total>
<tag>
</tag>
<suite>
<stat name="Example Test" id="s1" pass="1" fail="0" skip="0">Example Test</stat>
</suite>
</statistics>
<errors>
</errors>
</robot>
